[INFO] Archivo: W:\POZOS\DANIEL\03_NOV_CAMISEA_56_57_58_88\Lote_56\2018. TABLAS DE RESERVAS 2018 - Lote 56 - Oficio.xlsx
[INFO] Hojas detectadas: ['C#1.', 'C#2.', 'C#3.', 'C#4.', 'C#5.', 'C#6.', 'C#7.', 'C#8.', 'C#9.', 'C#10.', 'C#11.', 'C#12.', 'C#13.', 'C#14 y 15.', 'C#16 y 17.', 'C#18.', 'C#19. Lote56 GAS', 'C#19. Lote56 GLP', 'C#19. Lote56 COND', 'C#19. PAG GAS', 'C#19. PAG GLP', 'C#19. PAG COND', 'C#19. MIP GAS', 'C#19. MIP GLP', 'C#19. MIP COND', 'C#19. PAW GAS', 'C#19. PAW GLP', 'C#19. PAW COND', 'C#20.', 'C#21.', 'C#22,23,24,25,26', 'C#27.', 'C#28.', 'C#29.', 'C#30.', 'C#31.', 'C#32.', 'C#33,34', 'C#35.', 'Sheet1']

[HOJA] >>> C#1.
[INFO] Tipo detectado: None
[SKIP] Sin match o extractor vacío. Snippet: nan propiedades petrofísicas y de fluidos de hidrocarburos nan nan nan nan nan nan nan nan nan nan nan nan nan nan nan nan nan nan nan nan nan nan nan nan nan nan nan nan nan nan nan nan nan nan nan nan nan nan nan nan nan cuadro n° 1: propiedades petrofísicas y de fluidos por yacimientos y reservor

[HOJA] >>> C#2.
[INFO] Tipo detectado: None
[SKIP] Sin match o extractor vacío. Snippet: nan nan nan nan nan nan nan nan nan nan nan nan nan nan nan nan nan nan nan cuadro n° 2: propiedades petrofísicas y de fluidos por estructuras y formaciones objetivos de hidrocarburos utilizadas para la estimación de recursos contingentes y prospectivos nan nan nan nan nan nan nan nan nan nan nan na

[HOJA] >>> C#3.
[INFO] Tipo detectado: None
[SKIP] Sin match o extractor vacío. Snippet: nan composición del gas natural producido (en %) nan nan nan nan nan nan nan nan nan nan nan cuadro n° 3: composición del gas natural producido (%) nan nan nan nan nan (*) referencia: ítem n° 3 iii) nan nan nan nan nan nan nan nan nan nan nan pagoreni (nia-noi-ene) nan nan mipaya (noi-ene-copacabana

[HOJA] >>> C#4.
[INFO] Tipo detectado: None
[SKIP] Sin match o extractor vacío. Snippet: nan nan nan nan nan nan nan nan nan nan nan nan nan nan nan nan nan nan historial de producción de pozos nan nan nan nan nan nan nan nan nan nan nan nan nan nan nan nan nan nan nan nan nan nan nan nan nan nan nan nan nan nan nan nan nan cuadro n° 4: historial de producción de pozos por yacimiento y 

[HOJA] >>> C#5.
[INFO] Tipo detectado: None
[SKIP] Sin match o extractor vacío. Snippet: nan producción de hidrocarburos durante el 2018 nan nan nan nan nan nan nan nan nan nan nan nan nan nan nan nan nan nan nan nan nan nan nan nan nan cuadro n° 5: producción de hidrocarburos por pozo durante el 2018 nan nan nan nan nan nan nan nan nan nan nan nan (*) referencia: ítem n° 3 ix) nan nan 

[HOJA] >>> C#6.
[INFO] Tipo detectado: None
[SKIP] Sin match o extractor vacío. Snippet: nan inventario de pozos del lote nan nan nan nan nan nan nan nan nan nan nan nan nan nan nan nan nan nan nan nan nan nan nan nan nan cuadro n° 6: número total de pozos por yacimiento al 31 de diciembre del 2018 nan nan nan nan nan nan nan nan nan nan nan nan (*) referencia: ítem n° 3 x) nan nan nan 

[HOJA] >>> C#7.
[INFO] Tipo detectado: None
[SKIP] Sin match o extractor vacío. Snippet: nan nan nan nan nan nan nan nan nan nan nan nan nan nan nan nan pozos perforados durante el 2017 nan nan nan nan nan nan nan nan nan nan nan nan nan nan nan nan nan nan nan nan nan nan nan nan nan nan nan nan nan cuadro n° 7: nuevos pozos perforados durante el año 2018 y coordenadas utm (psad 56 y w

[HOJA] >>> C#8.
[INFO] Tipo detectado: None
[SKIP] Sin match o extractor vacío. Snippet: nan nan nan nan nan nan nan nan nan nan nan nan nan nan trabajos de rehabilitación y reacondicionamiento ejecutados en el 2018 nan nan nan nan nan nan nan nan nan nan nan nan nan nan nan nan nan nan nan nan nan nan nan nan nan cuadro n° 8: trabajos de workover ejecutados realizados durante el 2018 n

[HOJA] >>> C#9.
[INFO] Tipo detectado: None
[SKIP] Sin match o extractor vacío. Snippet: nan nan nan nan nan inversiones en exploración y explotación durante el 2018 nan nan nan nan nan nan nan cuadro n° 9: inversiones ejecutadas en exploración y explotación (mus$) nan nan nan (*) referencia: ítem n° 4 iv) nan nan nan nan nan nan nan inversiones ejecutadas en exploración y explotación -

[HOJA] >>> C#10.
[INFO] Tipo detectado: None
[SKIP] Sin match o extractor vacío. Snippet: nan nan nan nan cuadro n° 10: gastos totales ejecutados (mus$) - 2018 nan nan (*) referencia: ítem n° 4 iv) nan nan nan nan nan gastos totales en exploración y explotación - mus$ nan nan detalle 2018 nan producción nan nan producción anual de petróleo, mbls nan nan producción anual de gas, mmfc nan 

[HOJA] >>> C#11.
[INFO] Tipo detectado: None
[SKIP] Sin match o extractor vacío. Snippet: nan nan nan nan nan nan nan nan nan nan nan nan nan plan quinquenal de inversiones 2019-2023 nan nan nan nan nan nan nan nan nan nan nan nan nan nan nan nan nan nan nan nan nan nan nan cuadro n° 11: inversiones en exploración y explotación (mus$) - 2019-2023 nan nan nan nan nan nan nan nan nan nan n

[HOJA] >>> C#12.
[INFO] Tipo detectado: None
[SKIP] Sin match o extractor vacío. Snippet: nan nan nan nan nan nan nan nan cuadro n° 12: gastos totales en exploración y explotación de hidrocarburos (mus$) - 2019-2023 nan nan nan nan nan nan (*) referencia: ítem n° 4 v) nan nan nan nan nan nan nan nan nan nan nan nan nan gastos totales proyectados en exploración y explotación - mus$ nan na

[HOJA] >>> C#13.
[INFO] Tipo detectado: None
[SKIP] Sin match o extractor vacío. Snippet: nan nan nan nan nan nan nan nan nan nan nan nan nan nan nan cuadro n° 13: estimado de los volúmenes de petróleo original en sitio y/o gas original en sitio (poes y goes) por cada reservorio de los yacimientos. nan nan nan nan nan nan nan nan nan nan nan nan nan (*) referencia: ítem n° 5 i) y 5 ii) n

[HOJA] >>> C#14 y 15.
[INFO] Tipo detectado: RESERVAS
[SKIP] Sin match o extractor vacío. Snippet: nan resumen de las estimaciones de reservas y recursos de hidrocarburos nan nan nan nan nan nan nan nan nan cuadro n° 14: estimación de reservas al límite económico - al 31.12.2018 nan nan nan nan (*) referencia: ítem n° 5 iii) nan nan nan nan nan nan nan nan nan categoría reserva al límite económic

[HOJA] >>> C#16 y 17.
[INFO] Tipo detectado: None
[SKIP] Sin match o extractor vacío. Snippet: nan nan nan nan nan nan cuadro n° 16: estimación de recursos contingentes al - al 31.12.2018 nan nan nan nan (*) referencia: ítem n° 5 iii) nan nan nan nan nan nan nan nan nan categoría recursos contingentes nan nan nan nan baja estimación (1c) mejor estimación (2c) alta estimación (3c) nan petróleo

[HOJA] >>> C#18.
[INFO] Tipo detectado: None
[SKIP] Sin match o extractor vacío. Snippet: nan nan nan nan nan nan nan nan cuadro n° 18: sub clasificación por la madurez del proyecto al - al 31.12.2018 nan nan nan nan nan nan (*) referencia: ítem n° 5 iii) nan nan nan nan nan nan lote 56 nan nan nan nan nan nan categoría subclases de la madurez del proyecto petróleo gas lgn nan nan nan na

[HOJA] >>> C#19. Lote56 GAS
[INFO] Tipo detectado: None
[SKIP] Sin match o extractor vacío. Snippet: nan conciliación de reservas y recursos de hidrocarburos nan nan nan nan nan nan nan nan nan nan nan nan nan nan nan nan nan nan nan nan nan nan nan nan nan cuadro n° 19: conciliación de reservas y recursos contingentes nan nan nan nan nan nan nan nan nan nan nan nan (*) referencia: ítem n° 5 iv) na

[HOJA] >>> C#19. Lote56 GLP
[INFO] Tipo detectado: None
[SKIP] Sin match o extractor vacío. Snippet: nan conciliación de reservas y recursos de hidrocarburos nan nan nan nan nan nan nan nan nan nan nan nan nan nan nan nan nan nan nan nan nan nan nan nan nan cuadro n° 19: conciliación de reservas y recursos contingentes nan nan nan nan nan nan nan nan nan nan nan nan (*) referencia: ítem n° 5 iv) na

[HOJA] >>> C#19. Lote56 COND
[INFO] Tipo detectado: None
[SKIP] Sin match o extractor vacío. Snippet: nan conciliación de reservas y recursos de hidrocarburos nan nan nan nan nan nan nan nan nan nan nan nan nan nan nan nan nan nan nan nan nan nan nan nan nan cuadro n° 19: conciliación de reservas y recursos contingentes nan nan nan nan nan nan nan nan nan nan nan nan (*) referencia: ítem n° 5 iv) na

[HOJA] >>> C#19. PAG GAS
[INFO] Tipo detectado: None
[SKIP] Sin match o extractor vacío. Snippet: nan conciliación de reservas y recursos de hidrocarburos nan nan nan nan nan nan nan nan nan nan nan nan nan nan nan nan nan nan nan nan nan nan nan nan nan cuadro n° 19: conciliación de reservas y recursos contingentes nan nan nan nan nan nan nan nan nan nan nan nan (*) referencia: ítem n° 5 iv) na

[HOJA] >>> C#19. PAG GLP
[INFO] Tipo detectado: None
[SKIP] Sin match o extractor vacío. Snippet: nan conciliación de reservas y recursos de hidrocarburos nan nan nan nan nan nan nan nan nan nan nan nan nan nan nan nan nan nan nan nan nan nan nan nan nan cuadro n° 19: conciliación de reservas y recursos contingentes nan nan nan nan nan nan nan nan nan nan nan nan (*) referencia: ítem n° 5 iv) na

[HOJA] >>> C#19. PAG COND
[INFO] Tipo detectado: None
[SKIP] Sin match o extractor vacío. Snippet: nan conciliación de reservas y recursos de hidrocarburos nan nan nan nan nan nan nan nan nan nan nan nan nan nan nan nan nan nan nan nan nan nan nan nan nan cuadro n° 19: conciliación de reservas y recursos contingentes nan nan nan nan nan nan nan nan nan nan nan nan (*) referencia: ítem n° 5 iv) na

[HOJA] >>> C#19. MIP GAS
[INFO] Tipo detectado: None
[SKIP] Sin match o extractor vacío. Snippet: nan conciliación de reservas y recursos de hidrocarburos nan nan nan nan nan nan nan nan nan nan nan nan nan nan nan nan nan nan nan nan nan nan nan nan nan cuadro n° 19: conciliación de reservas y recursos contingentes nan nan nan nan nan nan nan nan nan nan nan nan (*) referencia: ítem n° 5 iv) na

[HOJA] >>> C#19. MIP GLP
[INFO] Tipo detectado: None
[SKIP] Sin match o extractor vacío. Snippet: nan conciliación de reservas y recursos de hidrocarburos nan nan nan nan nan nan nan nan nan nan nan nan nan nan nan nan nan nan nan nan nan nan nan nan nan cuadro n° 19: conciliación de reservas y recursos contingentes nan nan nan nan nan nan nan nan nan nan nan nan (*) referencia: ítem n° 5 iv) na

[HOJA] >>> C#19. MIP COND
[INFO] Tipo detectado: None
[SKIP] Sin match o extractor vacío. Snippet: nan conciliación de reservas y recursos de hidrocarburos nan nan nan nan nan nan nan nan nan nan nan nan nan nan nan nan nan nan nan nan nan nan nan nan nan cuadro n° 19: conciliación de reservas y recursos contingentes nan nan nan nan nan nan nan nan nan nan nan nan (*) referencia: ítem n° 5 iv) na

[HOJA] >>> C#19. PAW GAS
[INFO] Tipo detectado: None
[SKIP] Sin match o extractor vacío. Snippet: nan conciliación de reservas y recursos de hidrocarburos nan nan nan reservas a diciembre 31, 2017 nan nan nan nan nan nan nan nan nan nan nan nan nan nan nan nan nan nan nan nan nan cuadro n° 19: conciliación de reservas y recursos contingentes nan nan nan nan nan nan nan nan nan nan nan nan (*) re

[HOJA] >>> C#19. PAW GLP
[INFO] Tipo detectado: None
[SKIP] Sin match o extractor vacío. Snippet: nan conciliación de reservas y recursos de hidrocarburos nan nan nan nan nan nan nan nan nan nan nan nan nan nan nan nan nan nan nan nan nan nan nan nan nan cuadro n° 19: conciliación de reservas y recursos contingentes nan nan nan nan nan nan nan nan nan nan nan nan (*) referencia: ítem n° 5 iv) na

[HOJA] >>> C#19. PAW COND
[INFO] Tipo detectado: None
[SKIP] Sin match o extractor vacío. Snippet: nan conciliación de reservas y recursos de hidrocarburos nan nan nan nan nan nan nan nan nan nan nan nan nan nan nan nan nan nan nan nan nan nan nan nan nan cuadro n° 19: conciliación de reservas y recursos contingentes nan nan nan nan nan nan nan nan nan nan nan nan (*) referencia: ítem n° 5 iv) na

[HOJA] >>> C#20.
[INFO] Tipo detectado: None
[SKIP] Sin match o extractor vacío. Snippet: nan nan nan nan nan nan nan cuadro n° 20: conciliación de recursos prospectivos nan nan nan nan nan (*) referencia: ítem n° 5 v) nan nan nan nan nan nan nan nan nan nan nan efectivo - diciembre 31, 2018 nan baja estimación (1c) mejor estimación (2c) alta estimación (3c) nan lote 56 nan nan nan nan n

[HOJA] >>> C#21.
[INFO] Tipo detectado: None
[SKIP] Sin match o extractor vacío. Snippet: nan nan nan nan nan nan nan nan nan nan nan catálogo de trabajos de rehabilitación y reacondicionamiento 2019-2023 nan nan nan nan nan nan nan nan nan nan nan nan nan nan nan nan nan nan nan cuadro n° 21: catálogo de trabajos de rehabilitación y workover 2019-2023 nan nan nan nan nan nan nan nan nan

[HOJA] >>> C#22,23,24,25,26
[INFO] Tipo detectado: None
[SKIP] Sin match o extractor vacío. Snippet: nan nan nan nan nan nan nan nan nan nan nan nan nan inventario de ubicaciones propuestas para reservas probadas no desarrolladas, reservas probables, reservas posibles, recursos contingentes y prospectivos nan nan nan nan nan nan nan nan nan nan nan nan nan nan nan nan nan nan nan nan nan nan nan cu

[HOJA] >>> C#27.
[INFO] Tipo detectado: None
[SKIP] Sin match o extractor vacío. Snippet: nan nan nan nan nan nan nan nan nan nan catálogo de trabajos de perforación 2018-2022 nan nan nan nan nan nan nan nan nan nan nan nan nan nan nan nan nan cuadro n° 27: catálogo de trabajos de perforación 2019-2023 nan nan nan nan nan nan nan nan (*) referencia: ítem n° 5 ix) nan nan nan nan nan nan 

[HOJA] >>> C#28.
[INFO] Tipo detectado: None
[SKIP] Sin match o extractor vacío. Snippet: nan pronóstico de producción de hidrocarburos por yacimiento nan nan nan nan nan nan nan nan nan nan nan nan nan nan nan nan nan nan nan nan nan nan nan nan nan nan nan nan nan nan nan nan nan nan nan nan nan cuadro n° 28: pronóstico de producción de petróleo por yacimiento nan nan nan nan nan nan n

[HOJA] >>> C#29.
[INFO] Tipo detectado: None
[SKIP] Sin match o extractor vacío. Snippet: nan nan nan nan nan nan nan nan nan nan nan nan nan nan nan nan nan nan nan nan cuadro n° 29: pronóstico de producción de gas natural por yacimiento nan nan nan nan nan nan nan nan nan nan nan nan nan nan nan nan nan nan (*) referencia: ítem n° 5 x) nan nan nan nan nan nan nan nan nan nan nan nan na

[HOJA] >>> C#30.
[INFO] Tipo detectado: None
[SKIP] Sin match o extractor vacío. Snippet: nan nan nan nan nan nan nan nan nan nan nan nan nan nan nan nan nan nan nan nan cuadro n° 30: pronóstico de producción de líquidos de gas natural por yacimiento nan nan nan nan nan nan nan nan nan nan nan nan nan nan nan nan nan nan (*) referencia: ítem n° 5 x) nan nan nan nan nan nan nan nan nan na

[HOJA] >>> C#31.
[INFO] Tipo detectado: None
[SKIP] Sin match o extractor vacío. Snippet: nan inyección de fluidos nan nan nan nan nan nan nan nan nan nan nan nan nan nan nan nan nan nan nan cuadro n° 31: inyección de fluidos durante el año 2018. nan nan nan nan nan nan nan nan nan (*) referencia: ítem n° 6 ii) nan nan nan nan nan nan nan nan nan nan nan nan nan nan nan nan nan nan nan n

[HOJA] >>> C#32.
[INFO] Tipo detectado: None
[SKIP] Sin match o extractor vacío. Snippet: nan historial de inyección de fluidos nan nan nan nan nan nan nan nan nan nan nan nan nan nan nan nan nan nan nan cuadro n° 32: historial de inyección de fluidos. nan nan nan nan nan nan nan nan nan (*) referencia: ítem n° 6 iii) nan nan nan nan nan nan nan nan nan nan nan nan nan nan nan nan nan na

[HOJA] >>> C#33,34
[INFO] Tipo detectado: None
[SKIP] Sin match o extractor vacío. Snippet: nan pronóstico de inyección de fluidos nan nan nan nan nan nan nan nan nan nan nan nan nan nan nan nan nan cuadro n° 33: pronóstico de inyección de agua (bpd) nan nan nan nan nan nan nan nan (*) referencia: ítem n° 6 iv) nan nan nan nan nan nan nan nan nan nan nan nan nan nan nan nan nan efectivo: d

[HOJA] >>> C#35.
[INFO] Tipo detectado: None
[SKIP] Sin match o extractor vacío. Snippet: nan nan nan nan nan nan nan cortes de agua nan nan nan nan nan cuadro n° 35: corte de agua (%) nan nan nan nan nan (*) referencia: ítem n° 6 v) nan nan nan nan nan nan nan nan nan nan nan yacimiento pozo reservorio corte de agua inicial (%) corte de agua actual (%) nan pagoreni pagoreni-1001-d nia 0

[HOJA] >>> Sheet1
[INFO] Tipo detectado: None
[SKIP] Sin match o extractor vacío. Snippet: 
